--------------------
User 123 started Answer "yes" if number is even, otherwise answer "no".!
-------
Attempt #1
Question: 37
Correct: no
Answer: yes
-------
Answer was wrong
User 123 lost!
--------------------
--------------------
User 123123 started Answer "yes" if number is even, otherwise answer "no".!
-------
Attempt #1
Question: 18
Correct: yes
Answer: yes
-------
Answer was right
-------
Attempt #2
Question: 22
Correct: yes
Answer: yes
-------
Answer was right
-------
Attempt #3
Question: 41
Correct: no
Answer: no
-------
Answer was right
User 123123 won!
--------------------
--------------------
User 123 started Answer "yes" if number is even, otherwise answer "no".!
-------
Attempt #1
Question: 13
Correct: no
Answer: no
-------
Answer was right
